{"uid":"13d011a7bb77187e","name":"[US-333]/[2] I can create an account by filling up all fields","fullName":"tests.WebAPP.Registration_Tests.test_2","historyId":"632ea042518ad9b655b2d9ef4017fd20","time":{"start":1717677572289,"stop":1717677625390,"duration":53101},"description":"[US-333]/[2] As a user I can create an account by filling up all fields","descriptionHtml":"<p>[US-333]/[2] As a user I can create an account by filling up all fields</p>\n","status":"broken","statusMessage":"Expected condition failed: waiting for visibility of Proxy element for: DefaultElementLocator 'By.xpath: //i[@class='fa fa-user']' (tried for 15 second(s) with 500 milliseconds interval)","statusTrace":"org.openqa.selenium.TimeoutException: Expected condition failed: waiting for visibility of Proxy element for: DefaultElementLocator 'By.xpath: //i[@class='fa fa-user']' (tried for 15 second(s) with 500 milliseconds interval)\r\n\tat org.openqa.selenium.support.ui.WebDriverWait.timeoutException(WebDriverWait.java:84)\r\n\tat org.openqa.selenium.support.ui.FluentWait.until(FluentWait.java:228)\r\n\tat main.buildSettings.TestCommons.isElementVisible(TestCommons.java:69)\r\n\tat main.steps.RegistrationPageSteps.iCanSeeLoggedInIcon(RegistrationPageSteps.java:470)\r\n\tat tests.WebAPP.Registration_Tests.test_2(Registration_Tests.java:94)\r\n\tat java.base/jdk.internal.reflect.DirectMethodHandleAccessor.invoke(DirectMethodHandleAccessor.java:103)\r\n\tat java.base/java.lang.reflect.Method.invoke(Method.java:580)\r\n\tat org.testng.internal.invokers.MethodInvocationHelper.invokeMethod(MethodInvocationHelper.java:141)\r\n\tat org.testng.internal.invokers.TestInvoker.invokeMethod(TestInvoker.java:686)\r\n\tat org.testng.internal.invokers.TestInvoker.invokeTestMethod(TestInvoker.java:230)\r\n\tat org.testng.internal.invokers.MethodRunner.runInSequence(MethodRunner.java:63)\r\n\tat org.testng.internal.invokers.TestInvoker$MethodInvocationAgent.invoke(TestInvoker.java:992)\r\n\tat org.testng.internal.invokers.TestInvoker.invokeTestMethods(TestInvoker.java:203)\r\n\tat org.testng.internal.invokers.TestMethodWorker.invokeTestMethods(TestMethodWorker.java:154)\r\n\tat org.testng.internal.invokers.TestMethodWorker.run(TestMethodWorker.java:134)\r\n\tat java.base/java.util.ArrayList.forEach(ArrayList.java:1596)\r\n\tat org.testng.TestRunner.privateRun(TestRunner.java:739)\r\n\tat org.testng.TestRunner.run(TestRunner.java:614)\r\n\tat org.testng.SuiteRunner.runTest(SuiteRunner.java:421)\r\n\tat org.testng.SuiteRunner.runSequentially(SuiteRunner.java:413)\r\n\tat org.testng.SuiteRunner.privateRun(SuiteRunner.java:373)\r\n\tat org.testng.SuiteRunner.run(SuiteRunner.java:312)\r\n\tat org.testng.SuiteRunnerWorker.runSuite(SuiteRunnerWorker.java:52)\r\n\tat org.testng.SuiteRunnerWorker.run(SuiteRunnerWorker.java:95)\r\n\tat org.testng.TestNG.runSuitesSequentially(TestNG.java:1274)\r\n\tat org.testng.TestNG.runSuitesLocally(TestNG.java:1208)\r\n\tat org.testng.TestNG.runSuites(TestNG.java:1112)\r\n\tat org.testng.TestNG.run(TestNG.java:1079)\r\n\tat org.gradle.api.internal.tasks.testing.testng.TestNGTestClassProcessor.runTests(TestNGTestClassProcessor.java:148)\r\n\tat org.gradle.api.internal.tasks.testing.testng.TestNGTestClassProcessor.stop(TestNGTestClassProcessor.java:95)\r\n\tat org.gradle.api.internal.tasks.testing.SuiteTestClassProcessor.stop(SuiteTestClassProcessor.java:62)\r\n\tat java.base/jdk.internal.reflect.DirectMethodHandleAccessor.invoke(DirectMethodHandleAccessor.java:103)\r\n\tat java.base/java.lang.reflect.Method.invoke(Method.java:580)\r\n\tat org.gradle.internal.dispatch.ReflectionDispatch.dispatch(ReflectionDispatch.java:36)\r\n\tat org.gradle.internal.dispatch.ReflectionDispatch.dispatch(ReflectionDispatch.java:24)\r\n\tat org.gradle.internal.dispatch.ContextClassLoaderDispatch.dispatch(ContextClassLoaderDispatch.java:33)\r\n\tat org.gradle.internal.dispatch.ProxyDispatchAdapter$DispatchingInvocationHandler.invoke(ProxyDispatchAdapter.java:94)\r\n\tat jdk.proxy1/jdk.proxy1.$Proxy2.stop(Unknown Source)\r\n\tat org.gradle.api.internal.tasks.testing.worker.TestWorker$3.run(TestWorker.java:193)\r\n\tat org.gradle.api.internal.tasks.testing.worker.TestWorker.executeAndMaintainThreadName(TestWorker.java:129)\r\n\tat org.gradle.api.internal.tasks.testing.worker.TestWorker.execute(TestWorker.java:100)\r\n\tat org.gradle.api.internal.tasks.testing.worker.TestWorker.execute(TestWorker.java:60)\r\n\tat org.gradle.process.internal.worker.child.ActionExecutionWorker.execute(ActionExecutionWorker.java:56)\r\n\tat org.gradle.process.internal.worker.child.SystemApplicationClassLoaderWorker.call(SystemApplicationClassLoaderWorker.java:113)\r\n\tat org.gradle.process.internal.worker.child.SystemApplicationClassLoaderWorker.call(SystemApplicationClassLoaderWorker.java:65)\r\n\tat worker.org.gradle.process.internal.worker.GradleWorkerMain.run(GradleWorkerMain.java:69)\r\n\tat worker.org.gradle.process.internal.worker.GradleWorkerMain.main(GradleWorkerMain.java:74)\r\nCaused by: org.openqa.selenium.NoSuchElementException: no such element: Unable to locate element: {\"method\":\"xpath\",\"selector\":\"//i[@class='fa fa-user']\"}\n  (Session info: chrome=125.0.6422.142)\nFor documentation on this error, please visit: https://www.selenium.dev/documentation/webdriver/troubleshooting/errors#no-such-element-exception\nBuild info: version: '4.20.0', revision: '866c76ca80'\nSystem info: os.name: 'Windows 11', os.arch: 'amd64', os.version: '10.0', java.version: '21.0.1'\nDriver info: org.openqa.selenium.chrome.ChromeDriver\nCommand: [2a8a896f0e6e1a1169607628fa756d0e, findElement {value=//i[@class='fa fa-user'], using=xpath}]\nCapabilities {acceptInsecureCerts: false, browserName: chrome, browserVersion: 125.0.6422.142, chrome: {chromedriverVersion: 125.0.6422.141 (4b1e8393712..., userDataDir: C:\\Users\\avero\\AppData\\Loca...}, fedcm:accounts: true, goog:chromeOptions: {debuggerAddress: localhost:49224}, networkConnectionEnabled: false, pageLoadStrategy: normal, platformName: windows, proxy: Proxy(), se:cdp: ws://localhost:49224/devtoo..., se:cdpVersion: 125.0.6422.142, setWindowRect: true, strictFileInteractability: false, timeouts: {implicit: 0, pageLoad: 300000, script: 30000}, unhandledPromptBehavior: dismiss and notify, webauthn:extension:credBlob: true, webauthn:extension:largeBlob: true, webauthn:extension:minPinLength: true, webauthn:extension:prf: true, webauthn:virtualAuthenticators: true}\nSession ID: 2a8a896f0e6e1a1169607628fa756d0e\r\n\tat java.base/jdk.internal.reflect.DirectConstructorHandleAccessor.newInstance(DirectConstructorHandleAccessor.java:62)\r\n\tat java.base/java.lang.reflect.Constructor.newInstanceWithCaller(Constructor.java:502)\r\n\tat java.base/java.lang.reflect.Constructor.newInstance(Constructor.java:486)\r\n\tat org.openqa.selenium.remote.ErrorCodec.decode(ErrorCodec.java:167)\r\n\tat org.openqa.selenium.remote.codec.w3c.W3CHttpResponseCodec.decode(W3CHttpResponseCodec.java:138)\r\n\tat org.openqa.selenium.remote.codec.w3c.W3CHttpResponseCodec.decode(W3CHttpResponseCodec.java:50)\r\n\tat org.openqa.selenium.remote.HttpCommandExecutor.execute(HttpCommandExecutor.java:190)\r\n\tat org.openqa.selenium.remote.service.DriverCommandExecutor.invokeExecute(DriverCommandExecutor.java:216)\r\n\tat org.openqa.selenium.remote.service.DriverCommandExecutor.execute(DriverCommandExecutor.java:174)\r\n\tat org.openqa.selenium.remote.RemoteWebDriver.execute(RemoteWebDriver.java:518)\r\n\tat org.openqa.selenium.remote.ElementLocation$ElementFinder$2.findElement(ElementLocation.java:165)\r\n\tat org.openqa.selenium.remote.ElementLocation.findElement(ElementLocation.java:59)\r\n\tat org.openqa.selenium.remote.RemoteWebDriver.findElement(RemoteWebDriver.java:355)\r\n\tat org.openqa.selenium.remote.RemoteWebDriver.findElement(RemoteWebDriver.java:349)\r\n\tat org.openqa.selenium.support.pagefactory.DefaultElementLocator.findElement(DefaultElementLocator.java:68)\r\n\tat org.openqa.selenium.support.pagefactory.internal.LocatingElementHandler.invoke(LocatingElementHandler.java:38)\r\n\tat jdk.proxy2/jdk.proxy2.$Proxy33.isDisplayed(Unknown Source)\r\n\tat org.openqa.selenium.support.ui.ExpectedConditions.elementIfVisible(ExpectedConditions.java:304)\r\n\tat org.openqa.selenium.support.ui.ExpectedConditions$10.apply(ExpectedConditions.java:290)\r\n\tat org.openqa.selenium.support.ui.ExpectedConditions$10.apply(ExpectedConditions.java:287)\r\n\tat org.openqa.selenium.support.ui.FluentWait.until(FluentWait.java:203)\r\n\t... 45 more\r\n","flaky":false,"newFailed":false,"newBroken":false,"newPassed":false,"retriesCount":20,"retriesStatusChange":true,"beforeStages":[{"name":"Setting up Test Class","time":{"start":1717677571741,"stop":1717677572286,"duration":545},"description":"Setting up Test Class","status":"passed","steps":[],"attachments":[],"parameters":[],"shouldDisplayMessage":false,"attachmentsCount":0,"hasContent":false,"stepsCount":0,"attachmentStep":false}],"afterStages":[{"name":"Teardown Test Class","time":{"start":1717677625393,"stop":1717677625433,"duration":40},"description":"Teardown Test Class","status":"passed","steps":[],"attachments":[],"parameters":[],"shouldDisplayMessage":false,"attachmentsCount":0,"hasContent":false,"stepsCount":0,"attachmentStep":false}],"labels":[{"name":"package","value":"tests.WebAPP.Registration_Tests"},{"name":"testClass","value":"tests.WebAPP.Registration_Tests"},{"name":"testMethod","value":"test_2"},{"name":"parentSuite","value":"Gradle suite"},{"name":"suite","value":"Gradle test"},{"name":"subSuite","value":"tests.WebAPP.Registration_Tests"},{"name":"host","value":"DESKTOP-OTF0L9T"},{"name":"thread","value":"9380@DESKTOP-OTF0L9T.Test worker(1)"},{"name":"framework","value":"testng"},{"name":"language","value":"java"},{"name":"story","value":"POSITIVE FLOW"},{"name":"owner","value":"Lukasz Radzajewski"},{"name":"epic","value":"Web App Tests"},{"name":"feature","value":"REGISTRATION TESTS"},{"name":"severity","value":"critical"},{"name":"resultFormat","value":"allure2"}],"parameters":[],"links":[{"name":"TAP-0014","type":"issue"},{"name":"STORY-333","type":"tms"}],"hidden":false,"retry":false,"extra":{"severity":"critical","owner":"Lukasz Radzajewski","retries":[{"uid":"f4b9d0e7ae23685d","status":"broken","statusDetails":"Element should have been \"select\" but was \"input\"\nBuild info: version: '4.20.0', revision: '866c76ca80'\nSystem info: os.name: 'Windows 11', os.arch: 'amd64', os.version: '10.0', java.version: '21.0.1'\nDriver info: driver.version: unknown","time":{"start":1717677324326,"stop":1717677379802,"duration":55476}},{"uid":"1b9dee5b65813382","status":"broken","statusDetails":"Element should have been \"select\" but was \"input\"\nBuild info: version: '4.20.0', revision: '866c76ca80'\nSystem info: os.name: 'Windows 11', os.arch: 'amd64', os.version: '10.0', java.version: '21.0.1'\nDriver info: driver.version: unknown","time":{"start":1717677104524,"stop":1717677110149,"duration":5625}},{"uid":"4ba0463fe1b2c490","status":"broken","statusDetails":"Element should have been \"select\" but was \"input\"\nBuild info: version: '4.20.0', revision: '866c76ca80'\nSystem info: os.name: 'Windows 11', os.arch: 'amd64', os.version: '10.0', java.version: '21.0.1'\nDriver info: driver.version: unknown","time":{"start":1717676806545,"stop":1717676812761,"duration":6216}},{"uid":"64ba6d93975311db","status":"broken","statusDetails":"Element should have been \"select\" but was \"input\"\nBuild info: version: '4.20.0', revision: '866c76ca80'\nSystem info: os.name: 'Windows 11', os.arch: 'amd64', os.version: '10.0', java.version: '21.0.1'\nDriver info: driver.version: unknown","time":{"start":1717676423213,"stop":1717676429145,"duration":5932}},{"uid":"b564d4fda308385f","status":"broken","statusDetails":"Element should have been \"select\" but was \"input\"\nBuild info: version: '4.20.0', revision: '866c76ca80'\nSystem info: os.name: 'Windows 11', os.arch: 'amd64', os.version: '10.0', java.version: '21.0.1'\nDriver info: driver.version: unknown","time":{"start":1717676061578,"stop":1717676068162,"duration":6584}},{"uid":"34755cb49e00e827","status":"failed","statusDetails":"Value which have been found didn't match expected value! expected [united states] but found [        india\n        united states\n        canada\n        australia\n        israel\n        new zealand\n        singapore\n       ]","time":{"start":1717675540129,"stop":1717675545776,"duration":5647}},{"uid":"c8e704222ecccf3f","status":"failed","statusDetails":"Value which have been found didn't match expected value! expected [united states] but found [        india\n        united states\n        canada\n        australia\n        israel\n        new zealand\n        singapore\n       ]","time":{"start":1717674579514,"stop":1717674584824,"duration":5310}},{"uid":"dd399117145ca051","status":"skipped","statusDetails":"Method tests.WebAPP.Registration_Tests.test_2() on instance tests.WebAPP.Registration_Tests@7eb01b12 depends on not successfully finished methods \n[tests.WebAPP.Registration_Tests.test_1() on instance tests.WebAPP.Registration_Tests@7eb01b12]","time":{"start":1717673580649,"stop":1717673580650,"duration":1}},{"uid":"8c3f5ab7ad1de341","status":"failed","statusDetails":"Value which have been found didn't match expected value! expected [india] but found [        india\n        united states\n        canada\n        australia\n        israel\n        new zealand\n        singapore\n       ]","time":{"start":1717673387440,"stop":1717673454198,"duration":66758}},{"uid":"5295ccb6c05c52a7","status":"failed","statusDetails":"Value which have been found didn't match expected value! expected [india] but found [        india\n        united states\n        canada\n        australia\n        israel\n        new zealand\n        singapore\n       ]","time":{"start":1717672858928,"stop":1717672866871,"duration":7943}},{"uid":"60a861b539c09452","status":"skipped","statusDetails":"Method tests.WebAPP.Registration_Tests.test_2() on instance tests.WebAPP.Registration_Tests@7eb01b12 depends on not successfully finished methods \n[tests.WebAPP.Registration_Tests.test_1() on instance tests.WebAPP.Registration_Tests@7eb01b12]","time":{"start":1717672531311,"stop":1717672531312,"duration":1}},{"uid":"32ccf70df5bb6db4","status":"skipped","statusDetails":"Method tests.WebAPP.Registration_Tests.test_2() on instance tests.WebAPP.Registration_Tests@7eb01b12 depends on not successfully finished methods \n[tests.WebAPP.Registration_Tests.test_1() on instance tests.WebAPP.Registration_Tests@7eb01b12]","time":{"start":1717672459955,"stop":1717672459955,"duration":0}},{"uid":"d0822cacf378e735","status":"broken","statusDetails":"Cannot invoke \"String.toLowerCase()\" because the return value of \"org.openqa.selenium.WebElement.getAttribute(String)\" is null","time":{"start":1717672211874,"stop":1717672217227,"duration":5353}},{"uid":"d32ecf1c9889674d","status":"failed","statusDetails":"Value which have been found didn't match expected value! expected [india] but found [        india\n        united states\n        canada\n        australia\n        israel\n        new zealand\n        singapore\n       ]","time":{"start":1717671984052,"stop":1717671989755,"duration":5703}},{"uid":"6e1aa480faa1b18c","status":"skipped","statusDetails":"Method tests.WebAPP.Registration_Tests.test_2() on instance tests.WebAPP.Registration_Tests@25bc0606 depends on not successfully finished methods \n[tests.WebAPP.Registration_Tests.test_1() on instance tests.WebAPP.Registration_Tests@25bc0606]","time":{"start":1717671973522,"stop":1717671973522,"duration":0}},{"uid":"93dcbc02d4fa9b9a","status":"failed","statusDetails":"Value which have been found didn't match expected value! expected [india] but found [        india\n        united states\n        canada\n        australia\n        israel\n        new zealand\n        singapore\n       ]","time":{"start":1717670838175,"stop":1717670844069,"duration":5894}},{"uid":"2b0bb85c3300909","status":"broken","statusDetails":"timeout: Timed out receiving message from renderer: 29.481\n  (Session info: chrome=125.0.6422.142)\nBuild info: version: '4.20.0', revision: '866c76ca80'\nSystem info: os.name: 'Windows 11', os.arch: 'amd64', os.version: '10.0', java.version: '21.0.1'\nDriver info: org.openqa.selenium.chrome.ChromeDriver\nCommand: [f85dfdf36f1819db0c4a61890a958ca5, get {url=https://automationexercise.com/}]\nCapabilities {acceptInsecureCerts: false, browserName: chrome, browserVersion: 125.0.6422.142, chrome: {chromedriverVersion: 125.0.6422.141 (4b1e8393712..., userDataDir: C:\\Users\\avero\\AppData\\Loca...}, fedcm:accounts: true, goog:chromeOptions: {debuggerAddress: localhost:60092}, networkConnectionEnabled: false, pageLoadStrategy: normal, platformName: windows, proxy: Proxy(), se:cdp: ws://localhost:60092/devtoo..., se:cdpVersion: 125.0.6422.142, setWindowRect: true, strictFileInteractability: false, timeouts: {implicit: 0, pageLoad: 300000, script: 30000}, unhandledPromptBehavior: dismiss and notify, webauthn:extension:credBlob: true, webauthn:extension:largeBlob: true, webauthn:extension:minPinLength: true, webauthn:extension:prf: true, webauthn:virtualAuthenticators: true}\nSession ID: f85dfdf36f1819db0c4a61890a958ca5","time":{"start":1717669473545,"stop":1717669503560,"duration":30015}},{"uid":"58dcf2555ef427ce","status":"broken","statusDetails":"Expected condition failed: waiting for element to be clickable: Proxy element for: DefaultElementLocator 'By.xpath: //input[@id='id_gender2']' (tried for 15 second(s) with 500 milliseconds interval)","time":{"start":1717667847506,"stop":1717667867178,"duration":19672}},{"uid":"22969f09e5b03fa1","status":"skipped","statusDetails":"Method tests.WebAPP.Registration_Tests.test_2() on instance tests.WebAPP.Registration_Tests@25bc0606 depends on not successfully finished methods \n[tests.WebAPP.Registration_Tests.test_1() on instance tests.WebAPP.Registration_Tests@25bc0606]","time":{"start":1717406999997,"stop":1717406999997,"duration":0}},{"uid":"bcc988b911156f8f","status":"skipped","statusDetails":"Method tests.WebAPP.Registration_Tests.test_2() on instance tests.WebAPP.Registration_Tests@25bc0606 depends on not successfully finished methods \n[tests.WebAPP.Registration_Tests.test_1() on instance tests.WebAPP.Registration_Tests@25bc0606]","time":{"start":1717405426516,"stop":1717405426516,"duration":0}}],"categories":[{"name":"Test defects","matchedStatuses":[],"flaky":false}],"tags":[]},"source":"13d011a7bb77187e.json","parameterValues":[]}